# JRE version: OpenJDK Runtime Environment Temurin-17.0.12+7 (17.0.12+7) (build 17.0.12+7)
# Java VM: OpenJDK 64-Bit Server VM Temurin-17.0.12+7 (17.0.12+7, mixed mode, emulated-client, tiered, compressed oops, compressed class ptrs, g1 gc, windows-amd64)
GC Precious Log:
 CPUs: 12 total, 12 available
 Memory: 16169M
 Large Page Support: Disabled
 NUMA Support: Disabled
 Compressed Oops: Enabled (32-bit)
 Heap Region Size: 1M
 Heap Min Capacity: 8M
 Heap Initial Capacity: 254M
 Heap Max Capacity: 1G
 Pre-touch: Disabled
 Parallel Workers: 10
 Concurrent Workers: 3
 Concurrent Refinement Workers: 10
 Periodic GC: Disabled
Heap:
 garbage-first heap   total 130048K, used 37401K [0x00000000c0000000, 0x0000000100000000)
  region size 1024K, 1 young (1024K), 0 survivors (0K)
 Metaspace       used 61580K, committed 62016K, reserved 1114112K
  class space    used 7496K, committed 7680K, reserved 1048576K
GC Heap History (20 events):
Event: 3644.795 GC heap after
{Heap after GC invocations=359 (full 330):
 garbage-first heap   total 130048K, used 37401K [0x00000000c0000000, 0x0000000100000000)
  region size 1024K, 0 young (0K), 0 survivors (0K)
 Metaspace       used 61580K, committed 62016K, reserved 1114112K
  class space    used 7496K, committed 7680K, reserved 1048576K
}
Event: 3654.935 GC heap before
{Heap before GC invocations=359 (full 330):
 garbage-first heap   total 130048K, used 37401K [0x00000000c0000000, 0x0000000100000000)
  region size 1024K, 1 young (1024K), 0 survivors (0K)
 Metaspace       used 61580K, committed 62016K, reserved 1114112K
  class space    used 7496K, committed 7680K, reserved 1048576K
}
Event: 3654.955 GC heap after
{Heap after GC invocations=360 (full 331):
 garbage-first heap   total 130048K, used 37401K [0x00000000c0000000, 0x0000000100000000)
  region size 1024K, 0 young (0K), 0 survivors (0K)
 Metaspace       used 61580K, committed 62016K, reserved 1114112K
  class space    used 7496K, committed 7680K, reserved 1048576K
}
Event: 3665.098 GC heap before
{Heap before GC invocations=360 (full 331):
 garbage-first heap   total 130048K, used 37401K [0x00000000c0000000, 0x0000000100000000)
  region size 1024K, 1 young (1024K), 0 survivors (0K)
 Metaspace       used 61580K, committed 62016K, reserved 1114112K
  class space    used 7496K, committed 7680K, reserved 1048576K
}
Event: 3665.117 GC heap after
{Heap after GC invocations=361 (full 332):
 garbage-first heap   total 130048K, used 37401K [0x00000000c0000000, 0x0000000100000000)
  region size 1024K, 0 young (0K), 0 survivors (0K)
 Metaspace       used 61580K, committed 62016K, reserved 1114112K
  class space    used 7496K, committed 7680K, reserved 1048576K
}
Event: 3675.256 GC heap before
{Heap before GC invocations=361 (full 332):
 garbage-first heap   total 130048K, used 37401K [0x00000000c0000000, 0x0000000100000000)
  region size 1024K, 1 young (1024K), 0 survivors (0K)
 Metaspace       used 61580K, committed 62016K, reserved 1114112K
  class space    used 7496K, committed 7680K, reserved 1048576K
}
Event: 3675.275 GC heap after
{Heap after GC invocations=362 (full 333):
 garbage-first heap   total 130048K, used 37401K [0x00000000c0000000, 0x0000000100000000)
  region size 1024K, 0 young (0K), 0 survivors (0K)
 Metaspace       used 61580K, committed 62016K, reserved 1114112K
  class space    used 7496K, committed 7680K, reserved 1048576K
}
Event: 3685.423 GC heap before
{Heap before GC invocations=362 (full 333):
 garbage-first heap   total 130048K, used 37401K [0x00000000c0000000, 0x0000000100000000)
  region size 1024K, 1 young (1024K), 0 survivors (0K)
 Metaspace       used 61580K, committed 62016K, reserved 1114112K
  class space    used 7496K, committed 7680K, reserved 1048576K
}
Event: 3685.446 GC heap after
{Heap after GC invocations=363 (full 334):
 garbage-first heap   total 130048K, used 37401K [0x00000000c0000000, 0x0000000100000000)
  region size 1024K, 0 young (0K), 0 survivors (0K)
 Metaspace       used 61580K, committed 62016K, reserved 1114112K
  class space    used 7496K, committed 7680K, reserved 1048576K
}
Event: 3695.598 GC heap before
{Heap before GC invocations=363 (full 334):
 garbage-first heap   total 130048K, used 37401K [0x00000000c0000000, 0x0000000100000000)
  region size 1024K, 1 young (1024K), 0 survivors (0K)
 Metaspace       used 61580K, committed 62016K, reserved 1114112K
  class space    used 7496K, committed 7680K, reserved 1048576K
}
Event: 3695.619 GC heap after
{Heap after GC invocations=364 (full 335):
 garbage-first heap   total 130048K, used 37401K [0x00000000c0000000, 0x0000000100000000)
  region size 1024K, 0 young (0K), 0 survivors (0K)
 Metaspace       used 61580K, committed 62016K, reserved 1114112K
  class space    used 7496K, committed 7680K, reserved 1048576K
}
Event: 3705.766 GC heap before
{Heap before GC invocations=364 (full 335):
 garbage-first heap   total 130048K, used 37401K [0x00000000c0000000, 0x0000000100000000)
  region size 1024K, 1 young (1024K), 0 survivors (0K)
 Metaspace       used 61580K, committed 62016K, reserved 1114112K
  class space    used 7496K, committed 7680K, reserved 1048576K
}
Event: 3705.785 GC heap after
{Heap after GC invocations=365 (full 336):
 garbage-first heap   total 130048K, used 37401K [0x00000000c0000000, 0x0000000100000000)
  region size 1024K, 0 young (0K), 0 survivors (0K)
 Metaspace       used 61580K, committed 62016K, reserved 1114112K
  class space    used 7496K, committed 7680K, reserved 1048576K
}
Event: 3715.925 GC heap before
{Heap before GC invocations=365 (full 336):
 garbage-first heap   total 130048K, used 37401K [0x00000000c0000000, 0x0000000100000000)
  region size 1024K, 1 young (1024K), 0 survivors (0K)
 Metaspace       used 61580K, committed 62016K, reserved 1114112K
  class space    used 7496K, committed 7680K, reserved 1048576K
}
Event: 3715.946 GC heap after
{Heap after GC invocations=366 (full 337):
 garbage-first heap   total 130048K, used 37401K [0x00000000c0000000, 0x0000000100000000)
  region size 1024K, 0 young (0K), 0 survivors (0K)
 Metaspace       used 61580K, committed 62016K, reserved 1114112K
  class space    used 7496K, committed 7680K, reserved 1048576K
}
Event: 3726.080 GC heap before
{Heap before GC invocations=366 (full 337):
 garbage-first heap   total 130048K, used 37401K [0x00000000c0000000, 0x0000000100000000)
  region size 1024K, 1 young (1024K), 0 survivors (0K)
 Metaspace       used 61580K, committed 62016K, reserved 1114112K
  class space    used 7496K, committed 7680K, reserved 1048576K
}
Event: 3726.103 GC heap after
{Heap after GC invocations=367 (full 338):
 garbage-first heap   total 130048K, used 37401K [0x00000000c0000000, 0x0000000100000000)
  region size 1024K, 0 young (0K), 0 survivors (0K)
 Metaspace       used 61580K, committed 62016K, reserved 1114112K
  class space    used 7496K, committed 7680K, reserved 1048576K
}
Event: 3736.255 GC heap before
{Heap before GC invocations=367 (full 338):
 garbage-first heap   total 130048K, used 37401K [0x00000000c0000000, 0x0000000100000000)
  region size 1024K, 1 young (1024K), 0 survivors (0K)
 Metaspace       used 61580K, committed 62016K, reserved 1114112K
  class space    used 7496K, committed 7680K, reserved 1048576K
}
Event: 3736.277 GC heap after
{Heap after GC invocations=368 (full 339):
 garbage-first heap   total 130048K, used 37401K [0x00000000c0000000, 0x0000000100000000)
  region size 1024K, 0 young (0K), 0 survivors (0K)
 Metaspace       used 61580K, committed 62016K, reserved 1114112K
  class space    used 7496K, committed 7680K, reserved 1048576K
}
Event: 3746.322 GC heap before
{Heap before GC invocations=368 (full 339):
 garbage-first heap   total 130048K, used 37401K [0x00000000c0000000, 0x0000000100000000)
  region size 1024K, 1 young (1024K), 0 survivors (0K)
 Metaspace       used 61580K, committed 62016K, reserved 1114112K
  class space    used 7496K, committed 7680K, reserved 1048576K
}

